<?xml version="1.0" encoding="UTF-8"?>
<!-- Generated by org.testng.reporters.JUnitXMLReporter -->
<testsuite hostname="DESKTOP-VO7B2M6" name="Command line test 53844185-701f-4db8-a273-571c8d810018" tests="2" failures="0" timestamp="28 Apr 2022 06:36:26 GMT" time="116.423" errors="0">
  <testcase name="testcase1" time="38.548" classname="org.testing.TestScripts.TC1"/>
  <testcase name="testcase1" time="40.207" classname="org.testing.TestScripts.TC2"/>
</testsuite> <!-- Command line test 53844185-701f-4db8-a273-571c8d810018 -->
